<?xml version="1.0" encoding="UTF-8"?>
<!-- Generated by org.testng.reporters.JUnitReportReporter -->
<testsuite skipped="0" hostname="INHYDSRIKANTHP" name="automationFramework.TestNG_Framework" tests="2" failures="0" timestamp="05 Mar 2019 06:18:19 GMT" time="24.897" errors="0">
  <testcase name="SignIn" time="12.377" classname="automationFramework.TestNG_Framework"/>
  <testcase name="SignIn" time="12.520" classname="automationFramework.TestNG_Framework"/>
</testsuite> <!-- automationFramework.TestNG_Framework -->
