<?xml version="1.0" encoding="UTF-8"?>
<!-- Generated by org.testng.reporters.JUnitReportReporter -->
<testsuite skipped="0" hostname="INHYDSRIKANTHP" name="automationFramework.Register_TC" tests="1" failures="0" timestamp="27 Mar 2019 11:41:53 GMT" time="14.708" errors="0">
  <testcase name="Register" time="14.708" classname="automationFramework.Register_TC"/>
</testsuite> <!-- automationFramework.Register_TC -->
