<?xml version="1.0" encoding="UTF-8"?>
<!-- Generated by org.testng.reporters.JUnitReportReporter -->
<testsuite skipped="0" hostname="INHYDSRIKANTHP" name="automationFramework.SignIn_TC" tests="2" failures="0" timestamp="27 Mar 2019 11:41:53 GMT" time="25.937" errors="0">
  <testcase name="SignIn" time="12.790" classname="automationFramework.SignIn_TC"/>
  <testcase name="SignIn" time="13.147" classname="automationFramework.SignIn_TC"/>
</testsuite> <!-- automationFramework.SignIn_TC -->
